C:\MYPROGRAMS\MYMINESWEEPER\MYMINESWEEPER\MYMINESWEEPER\DEBUG\MYMINESWEEPER.OBJ
C:\MYPROGRAMS\MYMINESWEEPER\MYMINESWEEPER\MYMINESWEEPER\DEBUG\STDAFX.OBJ
C:\MYPROGRAMS\MYMINESWEEPER\MYMINESWEEPER\MYMINESWEEPER\DEBUG\VC110.PDB
C:\MYPROGRAMS\MYMINESWEEPER\MYMINESWEEPER\DEBUG\MYMINESWEEPER.ILK
C:\MYPROGRAMS\MYMINESWEEPER\MYMINESWEEPER\DEBUG\MYMINESWEEPER.EXE
C:\MYPROGRAMS\MYMINESWEEPER\MYMINESWEEPER\DEBUG\MYMINESWEEPER.PDB
C:\myPrograms\myMinesweeper\myMinesweeper\myMinesweeper\Debug\myMinesweeper.obj
C:\myPrograms\myMinesweeper\myMinesweeper\myMinesweeper\Debug\stdafx.obj
C:\myPrograms\myMinesweeper\myMinesweeper\myMinesweeper\Debug\cl.command.1.tlog
C:\myPrograms\myMinesweeper\myMinesweeper\myMinesweeper\Debug\CL.read.1.tlog
C:\myPrograms\myMinesweeper\myMinesweeper\myMinesweeper\Debug\CL.write.1.tlog
C:\myPrograms\myMinesweeper\myMinesweeper\myMinesweeper\Debug\link-cvtres.read.1.tlog
C:\myPrograms\myMinesweeper\myMinesweeper\myMinesweeper\Debug\link-cvtres.write.1.tlog
C:\myPrograms\myMinesweeper\myMinesweeper\myMinesweeper\Debug\link-rc.read.1.tlog
C:\myPrograms\myMinesweeper\myMinesweeper\myMinesweeper\Debug\link-rc.write.1.tlog
C:\myPrograms\myMinesweeper\myMinesweeper\myMinesweeper\Debug\link.command.1.tlog
C:\myPrograms\myMinesweeper\myMinesweeper\myMinesweeper\Debug\link.read.1.tlog
C:\myPrograms\myMinesweeper\myMinesweeper\myMinesweeper\Debug\link.write.1.tlog
C:\myPrograms\myMinesweeper\myMinesweeper\myMinesweeper\Debug\vc110.idb
C:\myPrograms\myMinesweeper\myMinesweeper\myMinesweeper\Debug\vc110.pdb
C:\myPrograms\myMinesweeper\myMinesweeper\Debug\myMinesweeper.pdb
C:\myPrograms\myMinesweeper\myMinesweeper\Debug\myMinesweeper.exe
C:\myPrograms\myMinesweeper\myMinesweeper\Debug\myMinesweeper.ilk
