C:\MYPROGRAMS\MYMINESWEEPER\MYMINESWEEPER\GAMEPLAY\DEBUG\GAMEPLAY.PCH
C:\MYPROGRAMS\MYMINESWEEPER\MYMINESWEEPER\GAMEPLAY\DEBUG\PCH.OBJ
C:\MYPROGRAMS\MYMINESWEEPER\MYMINESWEEPER\GAMEPLAY\DEBUG\VC110.PDB
C:\MYPROGRAMS\MYMINESWEEPER\MYMINESWEEPER\GAMEPLAY\DEBUG\CELL.OBJ
C:\MYPROGRAMS\MYMINESWEEPER\MYMINESWEEPER\GAMEPLAY\DEBUG\MINESWEEPERGAME.OBJ
C:\MYPROGRAMS\MYMINESWEEPER\MYMINESWEEPER\GAMEPLAY\DEBUG\FIELD.OBJ
C:\MYPROGRAMS\MYMINESWEEPER\MYMINESWEEPER\GAMEPLAY\DEBUG\FIELDGENERATOR.OBJ
C:\MYPROGRAMS\MYMINESWEEPER\MYMINESWEEPER\GAMEPLAY\DEBUG\STEPACTION.OBJ
C:\MYPROGRAMS\MYMINESWEEPER\MYMINESWEEPER\GAMEPLAY\DEBUG\GAMEPLAY.OBJ
C:\myPrograms\myMinesweeper\myMinesweeper\GamePlay\Debug\priconfig.xml.intermediate
C:\myPrograms\myMinesweeper\myMinesweeper\GamePlay\Debug\layout.resfiles.intermediate
C:\myPrograms\myMinesweeper\myMinesweeper\GamePlay\Debug\resources.resfiles.intermediate
C:\myPrograms\myMinesweeper\myMinesweeper\GamePlay\Debug\pri.resfiles.intermediate
C:\myPrograms\myMinesweeper\myMinesweeper\GamePlay\Debug\priconfig.xml
C:\myPrograms\myMinesweeper\myMinesweeper\GamePlay\Debug\layout.resfiles
C:\myPrograms\myMinesweeper\myMinesweeper\GamePlay\Debug\resources.resfiles
C:\myPrograms\myMinesweeper\myMinesweeper\GamePlay\Debug\pri.resfiles
C:\myPrograms\myMinesweeper\myMinesweeper\Debug\GamePlay\GamePlay.pri
C:\myPrograms\myMinesweeper\myMinesweeper\GamePlay\Debug\LanguageQualifiers.txt
C:\MYPROGRAMS\MYMINESWEEPER\MYMINESWEEPER\DEBUG\GAMEPLAY\GAMEPLAY.LIB
C:\myPrograms\myMinesweeper\myMinesweeper\GamePlay\Debug\Cell.obj
C:\myPrograms\myMinesweeper\myMinesweeper\GamePlay\Debug\Field.obj
C:\myPrograms\myMinesweeper\myMinesweeper\GamePlay\Debug\FieldGenerator.obj
C:\myPrograms\myMinesweeper\myMinesweeper\GamePlay\Debug\GamePlay.obj
C:\myPrograms\myMinesweeper\myMinesweeper\GamePlay\Debug\MinesweeperGame.obj
C:\myPrograms\myMinesweeper\myMinesweeper\GamePlay\Debug\pch.obj
C:\myPrograms\myMinesweeper\myMinesweeper\GamePlay\Debug\StepAction.obj
C:\myPrograms\myMinesweeper\myMinesweeper\GamePlay\Debug\CL.1336.read.1.tlog
C:\myPrograms\myMinesweeper\myMinesweeper\GamePlay\Debug\CL.1336.write.1.tlog
C:\myPrograms\myMinesweeper\myMinesweeper\GamePlay\Debug\CL.5384.read.1.tlog
C:\myPrograms\myMinesweeper\myMinesweeper\GamePlay\Debug\CL.5384.write.1.tlog
C:\myPrograms\myMinesweeper\myMinesweeper\GamePlay\Debug\CL.5788.read.1.tlog
C:\myPrograms\myMinesweeper\myMinesweeper\GamePlay\Debug\CL.5788.write.1.tlog
C:\myPrograms\myMinesweeper\myMinesweeper\GamePlay\Debug\CL.6584.read.1.tlog
C:\myPrograms\myMinesweeper\myMinesweeper\GamePlay\Debug\CL.6584.write.1.tlog
C:\myPrograms\myMinesweeper\myMinesweeper\GamePlay\Debug\cl.command.1.tlog
C:\myPrograms\myMinesweeper\myMinesweeper\GamePlay\Debug\CL.read.1.tlog
C:\myPrograms\myMinesweeper\myMinesweeper\GamePlay\Debug\CL.write.1.tlog
C:\myPrograms\myMinesweeper\myMinesweeper\GamePlay\Debug\GamePlay.read.1.tlog
C:\myPrograms\myMinesweeper\myMinesweeper\GamePlay\Debug\GamePlay.write.1.tlog
C:\myPrograms\myMinesweeper\myMinesweeper\GamePlay\Debug\Lib-link.read.1.tlog
C:\myPrograms\myMinesweeper\myMinesweeper\GamePlay\Debug\Lib-link.write.1.tlog
C:\myPrograms\myMinesweeper\myMinesweeper\GamePlay\Debug\lib.command.1.tlog
C:\myPrograms\myMinesweeper\myMinesweeper\GamePlay\Debug\GamePlay.pch
C:\myPrograms\myMinesweeper\myMinesweeper\GamePlay\Debug\vc110.idb
C:\myPrograms\myMinesweeper\myMinesweeper\GamePlay\Debug\vc110.pdb
C:\myPrograms\myMinesweeper\myMinesweeper\Debug\GamePlay\GamePlay.lib
